<?xml version="1.0" encoding="UTF-8"?>
<!-- Generated by org.testng.reporters.JUnitReportReporter -->
<testsuite name="com.org.maven1.TestNgMavenExampleTest" tests="1" time="0.015" ignored="0" failures="0" timestamp="16 Dec 2016 23:00:24 GMT" skipped="0" hostname="EswarsMBPro" errors="0">
  <testcase name="exampleOfTestNgMaven" time="0.015" classname="com.org.maven1.TestNgMavenExampleTest"/>
</testsuite> <!-- com.org.maven1.TestNgMavenExampleTest -->
