<?xml version="1.0" encoding="UTF-8"?>
<!-- Generated by org.testng.reporters.JUnitReportReporter -->
<testsuite name="com.org.maven1.HelloWorld" tests="1" time="0.018" ignored="0" failures="0" timestamp="16 Dec 2016 19:36:24 GMT" skipped="0" hostname="EswarsMBPro" errors="0">
  <testcase name="Login" time="0.018" classname="com.org.maven1.HelloWorld"/>
</testsuite> <!-- com.org.maven1.HelloWorld -->
